<?xml version="1.0" encoding="UTF-8"?>
<!-- Generated by org.testng.reporters.JUnitXMLReporter -->
<testsuite ignored="0" hostname="DESKTOP-6MLC63T" failures="0" tests="3" name="Test" time="0.148" errors="0" timestamp="2023-05-11T17:52:35 IST">
  <testcase classname="com.actitime.testscript.CreateTask" name="createTask" time="0.033"/>
  <testcase classname="com.actitime.testscript.CreateTask" name="deleteTask" time="0.003"/>
  <testcase classname="com.actitime.testscript.CreateTask" name="modifyTask" time="0.007"/>
</testsuite> <!-- Test -->
