<?xml version="1.0" encoding="UTF-8"?>
<testng-results ignored="0" total="1" passed="1" failed="0" skipped="0">
  <reporter-output>
    <line>
      <![CDATA[OpenBrowser]]>
    </line>
    <line>
      <![CDATA[Login]]>
    </line>
    <line>
      <![CDATA[TestMethod]]>
    </line>
    <line>
      <![CDATA[Logout]]>
    </line>
    <line>
      <![CDATA[CloseBrowser]]>
    </line>
  </reporter-output>
  <suite started-at="2023-05-19T18:25:56 IST" name="Default suite" finished-at="2023-05-19T18:25:56 IST" duration-ms="155">
    <groups>
    </groups>
    <test started-at="2023-05-19T18:25:56 IST" name="Default test" finished-at="2023-05-19T18:25:56 IST" duration-ms="155">
      <class name="com.actitime.generic.BaseClass">
        <test-method is-config="true" signature="openBrowser()[pri:0, instance:com.actitime.generic.BaseClass@27ce24aa]" started-at="2023-05-19T18:25:56 IST" name="openBrowser" finished-at="2023-05-19T18:25:56 IST" duration-ms="21" status="PASS">
          <reporter-output>
            <line>
              <![CDATA[OpenBrowser]]>
            </line>
          </reporter-output>
        </test-method> <!-- openBrowser -->
        <test-method is-config="true" signature="login()[pri:0, instance:com.actitime.generic.BaseClass@27ce24aa]" started-at="2023-05-19T18:25:56 IST" name="login" finished-at="2023-05-19T18:25:56 IST" duration-ms="2" status="PASS">
          <reporter-output>
            <line>
              <![CDATA[Login]]>
            </line>
          </reporter-output>
        </test-method> <!-- login -->
        <test-method signature="testMethod()[pri:0, instance:com.actitime.generic.BaseClass@27ce24aa]" started-at="2023-05-19T18:25:56 IST" name="testMethod" finished-at="2023-05-19T18:25:56 IST" duration-ms="23" status="PASS">
          <reporter-output>
            <line>
              <![CDATA[TestMethod]]>
            </line>
          </reporter-output>
        </test-method> <!-- testMethod -->
        <test-method is-config="true" signature="logout()[pri:0, instance:com.actitime.generic.BaseClass@27ce24aa]" started-at="2023-05-19T18:25:56 IST" name="logout" finished-at="2023-05-19T18:25:56 IST" duration-ms="3" status="PASS">
          <reporter-output>
            <line>
              <![CDATA[Logout]]>
            </line>
          </reporter-output>
        </test-method> <!-- logout -->
        <test-method is-config="true" signature="closeBrowser()[pri:0, instance:com.actitime.generic.BaseClass@27ce24aa]" started-at="2023-05-19T18:25:56 IST" name="closeBrowser" finished-at="2023-05-19T18:25:56 IST" duration-ms="5" status="PASS">
          <reporter-output>
            <line>
              <![CDATA[CloseBrowser]]>
            </line>
          </reporter-output>
        </test-method> <!-- closeBrowser -->
      </class> <!-- com.actitime.generic.BaseClass -->
    </test> <!-- Default test -->
  </suite> <!-- Default suite -->
</testng-results>
