<?xml version="1.0" encoding="UTF-8"?>
<!-- Generated by org.testng.reporters.JUnitXMLReporter -->
<testsuite ignored="2" hostname="DESKTOP-6MLC63T" failures="1" tests="1" name="Default test(failed)" time="0.168" errors="0" timestamp="2023-05-13T17:00:28 IST">
  <testcase classname="Annotation.CustomerModule1" name="modifyCustomer" time="0.031">
    <failure type="java.lang.AssertionError" message="null">
      <![CDATA[java.lang.AssertionError: null
at Annotation.CustomerModule1.modifyCustomer(CustomerModule1.java:41)
at java.base/java.util.ArrayList.forEach(ArrayList.java:1511)
... Removed 27 stack frames]]>
    </failure>
  </testcase> <!-- modifyCustomer -->
  <testcase classname="Annotation.CustomerModule1" name="deleteCustomer" time="0.0">
    <ignored/>
  </testcase> <!-- deleteCustomer -->
  <testcase classname="Annotation.CustomerModule1" name="createCustomer" time="0.0">
    <ignored/>
  </testcase> <!-- createCustomer -->
</testsuite> <!-- Default test(failed) -->
