<?xml version="1.0" encoding="UTF-8"?>
<!-- Generated by org.testng.reporters.JUnitXMLReporter -->
<testsuite ignored="2" hostname="DESKTOP-6MLC63T" failures="0" tests="1" name="Default test(failed)(failed)" time="0.214" errors="0" timestamp="2023-05-13T17:00:58 IST">
  <testcase classname="Annotation.CustomerModule1" name="modifyCustomer" time="0.035"/>
  <testcase classname="Annotation.CustomerModule1" name="deleteCustomer" time="0.0">
    <ignored/>
  </testcase> <!-- deleteCustomer -->
  <testcase classname="Annotation.CustomerModule1" name="createCustomer" time="0.0">
    <ignored/>
  </testcase> <!-- createCustomer -->
</testsuite> <!-- Default test(failed)(failed) -->
